Determining if the pthread_create exist failed with the following output:
Change Dir: /home/jyang/SLAM/learn_vslam/gaussNewton/build/CMakeFiles/CMakeTmp

Run Build Command:"/usr/bin/make" "cmTC_2a615/fast"
/usr/bin/make -f CMakeFiles/cmTC_2a615.dir/build.make CMakeFiles/cmTC_2a615.dir/build
make[1]: Entering directory '/home/jyang/SLAM/learn_vslam/gaussNewton/build/CMakeFiles/CMakeTmp'
Building C object CMakeFiles/cmTC_2a615.dir/CheckSymbolExists.c.o
/usr/bin/cc    -o CMakeFiles/cmTC_2a615.dir/CheckSymbolExists.c.o   -c /home/jyang/SLAM/learn_vslam/gaussNewton/build/CMakeFiles/CMakeTmp/CheckSymbolExists.c
Linking C executable cmTC_2a615
/usr/bin/cmake -E cmake_link_script CMakeFiles/cmTC_2a615.dir/link.txt --verbose=1
/usr/bin/cc      -rdynamic CMakeFiles/cmTC_2a615.dir/CheckSymbolExists.c.o  -o cmTC_2a615 
CMakeFiles/cmTC_2a615.dir/CheckSymbolExists.c.o: In function `main':
CheckSymbolExists.c:(.text+0x1b): undefined reference to `pthread_create'
collect2: error: ld returned 1 exit status
CMakeFiles/cmTC_2a615.dir/build.make:97: recipe for target 'cmTC_2a615' failed
make[1]: *** [cmTC_2a615] Error 1
make[1]: Leaving directory '/home/jyang/SLAM/learn_vslam/gaussNewton/build/CMakeFiles/CMakeTmp'
Makefile:126: recipe for target 'cmTC_2a615/fast' failed
make: *** [cmTC_2a615/fast] Error 2

File /home/jyang/SLAM/learn_vslam/gaussNewton/build/CMakeFiles/CMakeTmp/CheckSymbolExists.c:
/* */
#include <pthread.h>

int main(int argc, char** argv)
{
  (void)argv;
#ifndef pthread_create
  return ((int*)(&pthread_create))[argc];
#else
  (void)argc;
  return 0;
#endif
}

Determining if the function pthread_create exists in the pthreads failed with the following output:
Change Dir: /home/jyang/SLAM/learn_vslam/gaussNewton/build/CMakeFiles/CMakeTmp

Run Build Command:"/usr/bin/make" "cmTC_5f38b/fast"
/usr/bin/make -f CMakeFiles/cmTC_5f38b.dir/build.make CMakeFiles/cmTC_5f38b.dir/build
make[1]: Entering directory '/home/jyang/SLAM/learn_vslam/gaussNewton/build/CMakeFiles/CMakeTmp'
Building C object CMakeFiles/cmTC_5f38b.dir/CheckFunctionExists.c.o
/usr/bin/cc   -DCHECK_FUNCTION_EXISTS=pthread_create   -o CMakeFiles/cmTC_5f38b.dir/CheckFunctionExists.c.o   -c /usr/share/cmake-3.10/Modules/CheckFunctionExists.c
Linking C executable cmTC_5f38b
/usr/bin/cmake -E cmake_link_script CMakeFiles/cmTC_5f38b.dir/link.txt --verbose=1
/usr/bin/cc  -DCHECK_FUNCTION_EXISTS=pthread_create    -rdynamic CMakeFiles/cmTC_5f38b.dir/CheckFunctionExists.c.o  -o cmTC_5f38b -lpthreads 
/usr/bin/ld: cannot find -lpthreads
collect2: error: ld returned 1 exit status
CMakeFiles/cmTC_5f38b.dir/build.make:97: recipe for target 'cmTC_5f38b' failed
make[1]: *** [cmTC_5f38b] Error 1
make[1]: Leaving directory '/home/jyang/SLAM/learn_vslam/gaussNewton/build/CMakeFiles/CMakeTmp'
Makefile:126: recipe for target 'cmTC_5f38b/fast' failed
make: *** [cmTC_5f38b/fast] Error 2


